<?xml version="1.0" encoding="UTF-8"?>
<!-- Generated by org.testng.reporters.JUnitReportReporter -->
<testsuite skipped="0" hostname="MC0XJE2C" name="test.TestDemo" tests="1" failures="0" timestamp="2020-07-13T21:18:48 IST" time="9.197" errors="0">
  <testcase name="f" time="9.197" classname="test.TestDemo"/>
</testsuite> <!-- test.TestDemo -->
