<?xml version="1.0" encoding="UTF-8"?>
<!-- Generated by org.testng.reporters.JUnitReportReporter -->
<testsuite skipped="0" hostname="MC0XJE2C" name="test.TestLogin_Parameters" tests="2" failures="0" timestamp="2020-07-10T15:58:21 IST" time="35.176" errors="0">
  <testcase name="login" time="22.291" classname="test.TestLogin_Parameters"/>
  <testcase name="login" time="12.885" classname="test.TestLogin_Parameters"/>
</testsuite> <!-- test.TestLogin_Parameters -->
