<?xml version="1.0" encoding="UTF-8"?>
<!-- Generated by org.testng.reporters.JUnitReportReporter -->
<testsuite skipped="0" hostname="MC0XJE2C" name="test.WritinginXL" tests="1" failures="0" timestamp="2020-07-14T13:47:27 IST" time="1.036" errors="0">
  <testcase name="f" time="1.036" classname="test.WritinginXL"/>
</testsuite> <!-- test.WritinginXL -->
