<?xml version="1.0" encoding="UTF-8"?>
<!-- Generated by org.testng.reporters.JUnitReportReporter -->
<testsuite skipped="0" hostname="MC0XJE2C" name="test.Demo2" tests="1" failures="0" timestamp="2020-07-09T09:58:21 IST" time="0.018" errors="0">
  <testcase name="f" time="0.018" classname="test.Demo2"/>
</testsuite> <!-- test.Demo2 -->
