<?xml version="1.0" encoding="UTF-8"?>
<!-- Generated by org.testng.reporters.JUnitReportReporter -->
<testsuite skipped="0" hostname="MC0XJE2C" name="test.TestGroups" tests="5" failures="0" timestamp="2020-07-19T14:27:17 IST" time="0.039" errors="0">
  <testcase name="IntegrationTesting" time="0.001" classname="test.TestGroups"/>
  <testcase name="adhocTesting" time="0.001" classname="test.TestGroups"/>
  <testcase name="smokeTesting" time="0.001" classname="test.TestGroups"/>
  <testcase name="FunctionalTesting" time="0.033" classname="test.TestGroups"/>
  <testcase name="Regression" time="0.003" classname="test.TestGroups"/>
</testsuite> <!-- test.TestGroups -->
