<?xml version="1.0" encoding="UTF-8"?>
<!-- Generated by org.testng.reporters.JUnitReportReporter -->
<testsuite skipped="0" hostname="MC0XJE2C" name="test.HandlingProperties" tests="2" failures="0" timestamp="2020-07-13T17:36:50 IST" time="29.225" errors="0">
  <testcase name="g" time="9.658" classname="test.HandlingProperties"/>
  <testcase name="f" time="19.567" classname="test.HandlingProperties"/>
</testsuite> <!-- test.HandlingProperties -->
