<?xml version="1.0" encoding="UTF-8"?>
<!-- Generated by org.testng.reporters.JUnitReportReporter -->
<testsuite skipped="0" hostname="MC0XJE2C" name="test.TestLogin_DataProvider" tests="2" failures="0" timestamp="2020-07-10T12:27:41 IST" time="32.020" errors="0">
  <testcase name="testLogin" time="11.360" classname="test.TestLogin_DataProvider"/>
  <testcase name="testLogin" time="20.660" classname="test.TestLogin_DataProvider"/>
</testsuite> <!-- test.TestLogin_DataProvider -->
